<?xml version="1.0" encoding="UTF-8"?>
<!-- Generated by org.testng.reporters.JUnitXMLReporter -->
<testsuite ignored="0" hostname="MyFriendKrishna" failures="1" tests="3" name="Test-2" time="25.361" errors="0" timestamp="2026-05-06T14:51:31 IST">
  <testcase classname="com.comcast.crm.orgtest.CreateOrg_GroupEX_Test" name="createOrgTest" time="6.068">
    <failure type="java.lang.IllegalArgumentException" message="Keys to send should be a not null CharSequence">
      <![CDATA[java.lang.IllegalArgumentException: Keys to send should be a not null CharSequence
at org.openqa.selenium.remote.RemoteWebElement.sendKeys(RemoteWebElement.java:96)
at org.openqa.selenium.support.pagefactory.internal.LocatingElementHandler.invoke(LocatingElementHandler.java:51)
at jdk.proxy2/jdk.proxy2.$Proxy16.sendKeys(Unknown Source)
at com.comcast.crm.objectrepositoryutility.CreatingNewOrganizationPage.createOrg(CreatingNewOrganizationPage.java:53)
at com.comcast.crm.orgtest.CreateOrg_GroupEX_Test.createOrgTest(CreateOrg_GroupEX_Test.java:52)
at java.base/java.util.ArrayList.forEach(ArrayList.java:1596)
at java.base/java.util.concurrent.FutureTask.run(FutureTask.java:317)
at java.base/java.util.concurrent.ThreadPoolExecutor.runWorker(ThreadPoolExecutor.java:1144)
at java.base/java.util.concurrent.ThreadPoolExecutor$Worker.run(ThreadPoolExecutor.java:642)
at java.base/java.lang.Thread.run(Thread.java:1583)
... Removed 17 stack frames]]>
    </failure>
  </testcase> <!-- createOrgTest -->
  <testcase classname="com.comcast.crm.orgtest.CreateOrg_GroupEX_Test" name="createOrgWithIndustriesTest" time="2.852"/>
  <testcase classname="com.comcast.crm.orgtest.CreateOrg_GroupEX_Test" name="createOrgWithPhoneNumberTest" time="0.0">
    <skipped/>
  </testcase> <!-- createOrgWithPhoneNumberTest -->
</testsuite> <!-- Test-2 -->
