<?xml version="1.0" encoding="UTF-8"?>
<!-- Generated by org.testng.reporters.JUnitXMLReporter -->
<testsuite ignored="2" hostname="MyFriendKrishna" failures="1" tests="1" name="Test" time="13.34" errors="0" timestamp="2026-05-18T17:41:06 IST">
  <testcase classname="com.comcast.crm.orgtest.CreateOrg_GroupEX_Test" name="createOrgTest" time="4.631">
    <failure type="java.lang.IllegalArgumentException" message="Keys to send should be a not null CharSequence">
      <![CDATA[java.lang.IllegalArgumentException: Keys to send should be a not null CharSequence
at org.openqa.selenium.remote.RemoteWebElement.sendKeys(RemoteWebElement.java:96)
at org.openqa.selenium.support.pagefactory.internal.LocatingElementHandler.invoke(LocatingElementHandler.java:51)
at jdk.proxy2/jdk.proxy2.$Proxy19.sendKeys(Unknown Source)
at com.comcast.crm.objectrepositoryutility.CreatingNewOrganizationPage.createOrg(CreatingNewOrganizationPage.java:53)
at com.comcast.crm.orgtest.CreateOrg_GroupEX_Test.createOrgTest(CreateOrg_GroupEX_Test.java:62)
at java.base/java.util.ArrayList.forEach(ArrayList.java:1596)
... Removed 27 stack frames]]>
    </failure>
  </testcase> <!-- createOrgTest -->
  <testcase classname="com.comcast.crm.orgtest.CreateOrg_GroupEX_Test" name="createOrgWithIndustriesTest" time="0.0">
    <ignored/>
  </testcase> <!-- createOrgWithIndustriesTest -->
  <testcase classname="com.comcast.crm.orgtest.CreateOrg_GroupEX_Test" name="createOrgWithPhoneNumberTest" time="0.0">
    <ignored/>
  </testcase> <!-- createOrgWithPhoneNumberTest -->
</testsuite> <!-- Test -->
