<?xml version="1.0" encoding="UTF-8"?>
<!-- Generated by org.testng.reporters.JUnitReportReporter -->
<testsuite hostname="MyFriendKrishna" failures="0" tests="2" name="com.crm.comcast.contac.test.CreateContactTest1" time="0.008" errors="0" timestamp="2026-04-30T17:41:36 IST" skipped="0">
  <testcase classname="com.crm.comcast.contac.test.CreateContactTest1" name="CreateContactWithTest" time="0.002"/>
  <testcase classname="com.crm.comcast.contac.test.CreateContactTest1" name="CreateContactTest" time="0.006"/>
</testsuite> <!-- com.crm.comcast.contac.test.CreateContactTest1 -->
