<?xml version="1.0" encoding="UTF-8"?>
<!-- Generated by org.testng.reporters.JUnitReportReporter -->
<testsuite hostname="MyFriendKrishna" failures="0" tests="2" name="practice.hometest.HomePageSampleTest_Reporter" time="0.024" errors="0" timestamp="2026-05-11T15:03:31 IST" skipped="0">
  <testcase classname="practice.hometest.HomePageSampleTest_Reporter" name="homePageTest" time="0.020">
    <system-out>
      <![CDATA[homePageTest Test Start
step-1
step-2
step-3
step-4
homePageTestTest End]]>
    </system-out>
  </testcase> <!-- homePageTest -->
  <testcase classname="practice.hometest.HomePageSampleTest_Reporter" name="verifyLogoHomePageTest" time="0.004">
    <system-out>
      <![CDATA[verifyLogoHomePageTest Test Start
step-1
step-2
step-3
step-4
verifyLogoHomePageTestTest End]]>
    </system-out>
  </testcase> <!-- verifyLogoHomePageTest -->
  <system-out>
    <![CDATA[homePageTest Test Start
step-1
step-2
step-3
step-4
homePageTestTest End
verifyLogoHomePageTest Test Start
step-1
step-2
step-3
step-4
verifyLogoHomePageTestTest End]]>
  </system-out>
</testsuite> <!-- practice.hometest.HomePageSampleTest_Reporter -->
