<?xml version="1.0" encoding="UTF-8"?>
<!-- Generated by org.testng.reporters.JUnitReportReporter -->
<testsuite hostname="MyFriendKrishna" failures="0" tests="3" name="practice.test.getProductInfoTest1" time="28.493" errors="0" timestamp="2026-04-29T12:16:16 IST" skipped="0">
  <testcase classname="practice.test.getProductInfoTest1" name="getProductInfoTest1" time="9.011"/>
  <testcase classname="practice.test.getProductInfoTest1" name="getProductInfoTest1" time="8.535"/>
  <testcase classname="practice.test.getProductInfoTest1" name="getProductInfoTest1" time="10.947"/>
</testsuite> <!-- practice.test.getProductInfoTest1 -->
