<?xml version="1.0" encoding="UTF-8"?>
<!-- Generated by org.testng.reporters.JUnitReportReporter -->
<testsuite hostname="MyFriendKrishna" failures="0" tests="2" name="practice.hometest.HomePageVerificationTest_Hard_Assertion" time="15.703" errors="0" timestamp="2026-05-08T10:15:33 IST" skipped="0">
  <testcase classname="practice.hometest.HomePageVerificationTest_Hard_Assertion" name="verifyLogoHomePageTest" time="6.504"/>
  <testcase classname="practice.hometest.HomePageVerificationTest_Hard_Assertion" name="homePageTest" time="9.199"/>
</testsuite> <!-- practice.hometest.HomePageVerificationTest_Hard_Assertion -->
