<?xml version="1.0" encoding="UTF-8"?>
<!-- Generated by org.testng.reporters.JUnitReportReporter -->
<testsuite hostname="MyFriendKrishna" failures="0" tests="3" name="practice.Testng.ContactTest" time="0.022" errors="0" timestamp="2026-04-28T10:00:58 IST" skipped="0">
  <testcase classname="practice.Testng.ContactTest" name="createContactTest" time="0.017"/>
  <testcase classname="practice.Testng.ContactTest" name="modifycreatteContactTest" time="0.003"/>
  <testcase classname="practice.Testng.ContactTest" name="deleteContactTest" time="0.002"/>
</testsuite> <!-- practice.Testng.ContactTest -->
