<?xml version="1.0" encoding="UTF-8"?>
<!-- Generated by org.testng.reporters.JUnitReportReporter -->
<testsuite hostname="MyFriendKrishna" failures="0" tests="2" name="com.crm.comcast.orgtest.createOrgTest$CreateContactTest" time="0.003" errors="0" timestamp="2026-04-30T17:41:36 IST" skipped="0">
  <testcase classname="com.crm.comcast.orgtest.createOrgTest$CreateContactTest" name="CreateContactWithTest" time="0.001"/>
  <testcase classname="com.crm.comcast.orgtest.createOrgTest$CreateContactTest" name="CreateContactTest" time="0.002"/>
</testsuite> <!-- com.crm.comcast.orgtest.createOrgTest$CreateContactTest -->
