<?xml version="1.0" encoding="UTF-8"?>
<!-- Generated by org.testng.reporters.JUnitReportReporter -->
<testsuite hostname="MyFriendKrishna" failures="0" tests="2" name="com.pac1.CreateContactTest" time="0.017" errors="0" timestamp="2026-04-30T16:12:10 IST" skipped="0">
  <testcase classname="com.pac1.CreateContactTest" name="CreateContactWithTest" time="0.004"/>
  <testcase classname="com.pac1.CreateContactTest" name="CreateContactTest" time="0.013"/>
</testsuite> <!-- com.pac1.CreateContactTest -->
