<?xml version="1.0" encoding="UTF-8"?>
<!-- Generated by org.testng.reporters.JUnitReportReporter -->
<testsuite hostname="MyFriendKrishna" failures="0" tests="2" name="practice.hometest.HomePageSampleTest" time="0.018" errors="0" timestamp="2026-05-08T16:28:41 IST" skipped="0">
  <testcase classname="practice.hometest.HomePageSampleTest" name="verifyLogoHomePageTest" time="0.003"/>
  <testcase classname="practice.hometest.HomePageSampleTest" name="homePageTest" time="0.015"/>
</testsuite> <!-- practice.hometest.HomePageSampleTest -->
