<?xml version="1.0" encoding="UTF-8"?>
<!-- Generated by org.testng.reporters.JUnitReportReporter -->
<testsuite hostname="MyFriendKrishna" failures="0" tests="2" name="practice.Testng.SampleTest" time="0.021" errors="0" timestamp="2026-04-27T14:16:58 IST" skipped="0">
  <testcase classname="practice.Testng.SampleTest" name="createContacttest" time="0.018"/>
  <testcase classname="practice.Testng.SampleTest" name="createContacttestWitMobileNumberTest" time="0.003"/>
</testsuite> <!-- practice.Testng.SampleTest -->
