<?xml version="1.0" encoding="UTF-8"?>
<!-- Generated by org.testng.reporters.JUnitReportReporter -->
<testsuite hostname="MyFriendKrishna" failures="0" tests="3" name="practice.Testng.Createcontact_DataProvider_Test" time="0.024" errors="0" timestamp="2026-04-28T17:11:05 IST" skipped="0">
  <testcase classname="practice.Testng.Createcontact_DataProvider_Test" name="createContactTest" time="0.003"/>
  <testcase classname="practice.Testng.Createcontact_DataProvider_Test" name="createContactTest" time="0.019"/>
  <testcase classname="practice.Testng.Createcontact_DataProvider_Test" name="createContactTest" time="0.002"/>
</testsuite> <!-- practice.Testng.Createcontact_DataProvider_Test -->
