<?xml version="1.0" encoding="UTF-8"?>
<!-- Generated by org.testng.reporters.JUnitReportReporter -->
<testsuite hostname="MyFriendKrishna" failures="0" tests="3" name="practice.Testng.ContactTestByDependsOnMethod" time="0.024" errors="0" timestamp="2026-04-28T12:22:44 IST" skipped="0">
  <testcase classname="practice.Testng.ContactTestByDependsOnMethod" name="createContactTest" time="0.019"/>
  <testcase classname="practice.Testng.ContactTestByDependsOnMethod" name="deleteContactTest" time="0.003"/>
  <testcase classname="practice.Testng.ContactTestByDependsOnMethod" name="modifycreatteContactTest" time="0.002"/>
</testsuite> <!-- practice.Testng.ContactTestByDependsOnMethod -->
