<?xml version="1.0" encoding="UTF-8"?>
<!-- Generated by org.testng.reporters.JUnitReportReporter -->
<testsuite hostname="MyFriendKrishna" failures="0" tests="2" name="practice.hometest.HomePageVerificationTest" time="19.901" errors="0" timestamp="2026-05-08T12:52:21 IST" skipped="0">
  <testcase classname="practice.hometest.HomePageVerificationTest" name="verifyLogoHomePageTest" time="10.706"/>
  <testcase classname="practice.hometest.HomePageVerificationTest" name="homePageTest" time="9.195"/>
</testsuite> <!-- practice.hometest.HomePageVerificationTest -->
