<?xml version="1.0" encoding="UTF-8"?>
<!-- Generated by org.testng.reporters.JUnitReportReporter -->
<testsuite hostname="MyFriendKrishna" failures="0" tests="2" name="practice.hometest.HomePageSampleTest_Hard_SoftAssert" time="0.030" errors="0" timestamp="2026-05-11T11:00:42 IST" skipped="0">
  <testcase classname="practice.hometest.HomePageSampleTest_Hard_SoftAssert" name="homePageTest" time="0.025"/>
  <testcase classname="practice.hometest.HomePageSampleTest_Hard_SoftAssert" name="verifyLogoHomePageTest" time="0.005"/>
</testsuite> <!-- practice.hometest.HomePageSampleTest_Hard_SoftAssert -->
