<?xml version="1.0" encoding="UTF-8"?>
<!-- Generated by org.testng.reporters.JUnitReportReporter -->
<testsuite hostname="MyFriendKrishna" failures="0" tests="12" name="practice.Testng.OrderTestByInvocationCount" time="0.033" errors="0" timestamp="2026-04-28T13:01:33 IST" skipped="1">
  <testcase classname="practice.Testng.OrderTestByInvocationCount" name="createOrderTest" time="0.002"/>
  <testcase classname="practice.Testng.OrderTestByInvocationCount" name="createOrderTest" time="0.001"/>
  <testcase classname="practice.Testng.OrderTestByInvocationCount" name="deleteanOrderTest" time="0.001"/>
  <testcase classname="practice.Testng.OrderTestByInvocationCount" name="createOrderTest" time="0.003"/>
  <testcase classname="practice.Testng.OrderTestByInvocationCount" name="createOrderTest" time="0.001"/>
  <testcase classname="practice.Testng.OrderTestByInvocationCount" name="createOrderTest" time="0.002"/>
  <testcase classname="practice.Testng.OrderTestByInvocationCount" name="createOrderTest" time="0.001"/>
  <testcase classname="practice.Testng.OrderTestByInvocationCount" name="createOrderTest" time="0.002"/>
  <testcase classname="practice.Testng.OrderTestByInvocationCount" name="createOrderTest" time="0.002"/>
  <testcase classname="practice.Testng.OrderTestByInvocationCount" name="createOrderTest" time="0.017"/>
  <testcase classname="practice.Testng.OrderTestByInvocationCount" name="createOrderTest" time="0.001"/>
  <testcase classname="practice.Testng.OrderTestByInvocationCount" name="billinganOrderTest">
    <skipped/>
  </testcase> <!-- billinganOrderTest -->
</testsuite> <!-- practice.Testng.OrderTestByInvocationCount -->
