<?xml version="1.0" encoding="UTF-8"?>
<!-- Generated by org.testng.reporters.JUnitReportReporter -->
<testsuite hostname="MyFriendKrishna" failures="0" tests="3" name="practice.test.getProductInfoTest2" time="29.806" errors="0" timestamp="2026-04-29T12:17:12 IST" skipped="0">
  <testcase classname="practice.test.getProductInfoTest2" name="getProductInfoTest1" time="9.928"/>
  <testcase classname="practice.test.getProductInfoTest2" name="getProductInfoTest1" time="11.102"/>
  <testcase classname="practice.test.getProductInfoTest2" name="getProductInfoTest1" time="8.776"/>
</testsuite> <!-- practice.test.getProductInfoTest2 -->
