<?xml version="1.0" encoding="UTF-8"?>
<!-- Generated by org.testng.reporters.JUnitReportReporter -->
<testsuite hostname="MyFriendKrishna" failures="0" tests="3" name="practice.Testng.CreateContactTest" time="0.022" errors="0" timestamp="2026-04-27T17:05:33 IST" skipped="0">
  <testcase classname="practice.Testng.CreateContactTest" name="createContactTest" time="0.002"/>
  <testcase classname="practice.Testng.CreateContactTest" name="ContactTest" time="0.018"/>
  <testcase classname="practice.Testng.CreateContactTest" name="navigateToContactTest" time="0.002"/>
</testsuite> <!-- practice.Testng.CreateContactTest -->
