<?xml version="1.0" encoding="UTF-8"?>
<!-- Generated by org.testng.reporters.JUnitReportReporter -->
<testsuite hostname="MyFriendKrishna" failures="0" tests="2" name="com.pac1.CreateContactTest1" time="0.014" errors="0" timestamp="2026-04-30T16:16:40 IST" skipped="0">
  <testcase classname="com.pac1.CreateContactTest1" name="CreateContactWithTest" time="0.004"/>
  <testcase classname="com.pac1.CreateContactTest1" name="CreateContactTest" time="0.010"/>
</testsuite> <!-- com.pac1.CreateContactTest1 -->
