<?xml version="1.0" encoding="UTF-8"?>
<!-- Generated by org.testng.reporters.JUnitReportReporter -->
<testsuite hostname="MyFriendKrishna" failures="0" tests="6" name="practice.test.InvoiceTest2" time="30.940" errors="1" timestamp="2026-05-13T10:28:21 IST" skipped="5">
  <testcase classname="practice.test.InvoiceTest2" name="createInvoiceTest" time="17.436">
    <error message="expected:&lt;actTitle&gt; but was:&lt;Login&gt;" type="junit.framework.ComparisonFailure">
      <![CDATA[junit.framework.ComparisonFailure: expected:<actTitle> but was:<Login>
at junit.framework.Assert.assertEquals(Assert.java:81)
at junit.framework.Assert.assertEquals(Assert.java:87)
at practice.test.InvoiceTest2.createInvoiceTest(InvoiceTest2.java:17)
at java.base/jdk.internal.reflect.DirectMethodHandleAccessor.invoke(DirectMethodHandleAccessor.java:103)
at java.base/java.lang.reflect.Method.invoke(Method.java:580)
at org.testng.internal.invokers.MethodInvocationHelper.invokeMethod(MethodInvocationHelper.java:141)
at org.testng.internal.invokers.TestInvoker.invokeMethod(TestInvoker.java:687)
at org.testng.internal.invokers.TestInvoker.retryFailed(TestInvoker.java:269)
at org.testng.internal.invokers.MethodRunner.runInSequence(MethodRunner.java:76)
at org.testng.internal.invokers.TestInvoker$MethodInvocationAgent.invoke(TestInvoker.java:995)
at org.testng.internal.invokers.TestInvoker.invokeTestMethods(TestInvoker.java:203)
at org.testng.internal.invokers.TestMethodWorker.invokeTestMethods(TestMethodWorker.java:154)
at org.testng.internal.invokers.TestMethodWorker.run(TestMethodWorker.java:134)
at java.base/java.util.ArrayList.forEach(ArrayList.java:1596)
at org.testng.TestRunner.privateRun(TestRunner.java:741)
at org.testng.TestRunner.run(TestRunner.java:616)
at org.testng.SuiteRunner.runTest(SuiteRunner.java:421)
at org.testng.SuiteRunner.runSequentially(SuiteRunner.java:413)
at org.testng.SuiteRunner.privateRun(SuiteRunner.java:373)
at org.testng.SuiteRunner.run(SuiteRunner.java:312)
at org.testng.SuiteRunnerWorker.runSuite(SuiteRunnerWorker.java:52)
at org.testng.SuiteRunnerWorker.run(SuiteRunnerWorker.java:95)
at org.testng.TestNG.runSuitesSequentially(TestNG.java:1274)
at org.testng.TestNG.runSuitesLocally(TestNG.java:1208)
at org.testng.TestNG.runSuites(TestNG.java:1112)
at org.testng.TestNG.run(TestNG.java:1079)
at org.testng.remote.AbstractRemoteTestNG.run(AbstractRemoteTestNG.java:115)
at org.testng.remote.RemoteTestNG.initAndRun(RemoteTestNG.java:293)
at org.testng.remote.RemoteTestNG.main(RemoteTestNG.java:91)
]]>
    </error>
  </testcase> <!-- createInvoiceTest -->
  <testcase classname="practice.test.InvoiceTest2" name="createInvoiceTest" time="2.506">
    <skipped/>
  </testcase> <!-- createInvoiceTest -->
  <testcase classname="practice.test.InvoiceTest2" name="createInvoiceTest" time="2.649">
    <skipped/>
  </testcase> <!-- createInvoiceTest -->
  <testcase classname="practice.test.InvoiceTest2" name="createInvoiceTest" time="2.736">
    <skipped/>
  </testcase> <!-- createInvoiceTest -->
  <testcase classname="practice.test.InvoiceTest2" name="createInvoiceTest" time="2.987">
    <skipped/>
  </testcase> <!-- createInvoiceTest -->
  <testcase classname="practice.test.InvoiceTest2" name="createInvoiceTest" time="2.626">
    <skipped/>
  </testcase> <!-- createInvoiceTest -->
</testsuite> <!-- practice.test.InvoiceTest2 -->
