<?xml version="1.0" encoding="UTF-8"?>
<!-- Generated by org.testng.reporters.JUnitReportReporter -->
<testsuite hostname="MyFriendKrishna" failures="0" tests="2" name="com.pac.createContactTest" time="0.020" errors="0" timestamp="2026-04-30T12:06:20 IST" skipped="0">
  <testcase classname="com.pac.createContactTest" name="CreateContactTest" time="0.016"/>
  <testcase classname="com.pac.createContactTest" name="CreateContactWithDateTest" time="0.004"/>
</testsuite> <!-- com.pac.createContactTest -->
